<?xml version='1.0' encoding='utf-8'?>
<testsuites><testsuite name="integration-tests.chef360.automated-sleep-job.test_sleep_job_automate" tests="10" errors="0" failures="0" skipped="0" time="34.329"><testcase name="test_install_cli" classname="integration-tests.chef360.automated-sleep-job.test_sleep_job_automate" time="0.02" /><testcase name="test_skill_agent" classname="integration-tests.chef360.automated-sleep-job.test_sleep_job_automate" time="1.244" /><testcase name="test_install_skills" classname="integration-tests.chef360.automated-sleep-job.test_sleep_job_automate" time="1.318" /><testcase name="test_skill_assembly" classname="integration-tests.chef360.automated-sleep-job.test_sleep_job_automate" time="0.125" /><testcase name="test_node_override_settings" classname="integration-tests.chef360.automated-sleep-job.test_sleep_job_automate" time="0.14" /><testcase name="test_cohort" classname="integration-tests.chef360.automated-sleep-job.test_sleep_job_automate" time="0.124" /><testcase name="test_get_key" classname="integration-tests.chef360.automated-sleep-job.test_sleep_job_automate" time="0.004" /><testcase name="test_Node_enroll" classname="integration-tests.chef360.automated-sleep-job.test_sleep_job_automate" time="0.313" /><testcase name="test_job" classname="integration-tests.chef360.automated-sleep-job.test_sleep_job_automate" time="30.245" /><testcase name="test_get_instance" classname="integration-tests.chef360.automated-sleep-job.test_sleep_job_automate" time="0.398" /></testsuite></testsuites>