<?xml version='1.0' encoding='utf-8'?>
<testsuites><testsuite name="integration-tests.chef360.HELM_test.test1" tests="5" errors="0" failures="0" skipped="0" time="11.274"><testcase name="test_download_binary" classname="integration-tests.chef360.HELM_test.test1" time="10.909" /><testcase name="test_install_kubectl" classname="integration-tests.chef360.HELM_test.test1" time="0.044" /><testcase name="test_create_directory" classname="integration-tests.chef360.HELM_test.test1" time="0.011" /><testcase name="test_move_kubernetes" classname="integration-tests.chef360.HELM_test.test1" time="0.18" /><testcase name="test_version_check_kubernetes" classname="integration-tests.chef360.HELM_test.test1" time="0.065" /></testsuite></testsuites>