<?xml version='1.0' encoding='utf-8'?>
<testsuites><testsuite name="integration-tests.chef360.HELM_test.Chef360 Helm deployment" tests="1" errors="0" failures="1" skipped="0" time="0.012"><testcase name="test_set_access_keys" classname="integration-tests.chef360.HELM_test.Chef360 Helm deployment" time="0.006"><failure message="AttributeError: 'ConfigParser' object has no attribute 'close'">get_env_variables = {'AWS_ACCESS_KEY_ID': 'dffgsfgs', 'AWS_SECRET_ACCESS_KEY': 'sdfgdsfgg', 'AWS_SESSION_TOKEN': 'eqertythfdhg', 'FQDN': 'default4', ...}

    def test_set_access_keys(get_env_variables):
        print("\n",20, " Configuring AWS credentials")
    
        # Fetch environment variables
        AWS_ACCESS_KEY_ID = get_env_variables["AWS_ACCESS_KEY_ID"]
        AWS_SECRET_ACCESS_KEY = get_env_variables["AWS_SECRET_ACCESS_KEY"]
        AWS_SESSION_TOKEN = get_env_variables["AWS_SESSION_TOKEN"]
    
        complete_path=os.path.expanduser("~/")
        print(complete_path)
        create_aws_directory="mkdir -p "+complete_path+".aws"
        create_directory=subprocess.run(create_aws_directory,shell=True,capture_output=True)
        print(create_directory.stdout)
        assert create_directory.returncode==0 ,"fail to create a directory .aws"
    
    
        # AWS credentials file path
        credentials_file = complete_path+".aws/credentials"
        print(credentials_file)
    
        #  Create config parser for credentials file
        credentials = ConfigParser()
        credentials.read(credentials_file)
    
        # Set credentials under the default profile
        if not credentials.has_section('default'):
            credentials.add_section('default')
    
        credentials.set('default', 'aws_access_key_id', AWS_ACCESS_KEY_ID)
        credentials.set('default', 'aws_secret_access_key', AWS_SECRET_ACCESS_KEY)
        credentials.set('default', 'aws_session_token', AWS_SESSION_TOKEN)
    
        # Write the updated credentials file
        with open(credentials_file, 'w') as filedata:
            credentials.write(filedata)
        print("AWS credentials and config files have been updated.")
    
        assert (
            credentials.get('default', 'aws_access_key_id') == AWS_ACCESS_KEY_ID and
            credentials.get('default', 'aws_secret_access_key') == AWS_SECRET_ACCESS_KEY and
            credentials.get('default', 'aws_session_token') == AWS_SESSION_TOKEN
        ), "AWS credentials are not set correctly in the file."
&gt;       credentials.close()
E       AttributeError: 'ConfigParser' object has no attribute 'close'

integration-tests/chef360/HELM_test/Chef360 Helm deployment.py:268: AttributeError</failure></testcase></testsuite></testsuites>