<?xml version='1.0' encoding='utf-8'?>
<testsuites><testsuite name="integration-tests.chef360.automated-sleep-job.test_sleep_job_automate" tests="9" errors="0" failures="1" skipped="0" time="16.929"><testcase name="test_skill_agent" classname="integration-tests.chef360.automated-sleep-job.test_sleep_job_automate" time="1.421" /><testcase name="test_install_skills" classname="integration-tests.chef360.automated-sleep-job.test_sleep_job_automate" time="1.677" /><testcase name="test_find_all_skills" classname="integration-tests.chef360.automated-sleep-job.test_sleep_job_automate" time="0.171" /><testcase name="test_skill_assembly" classname="integration-tests.chef360.automated-sleep-job.test_sleep_job_automate" time="0.176" /><testcase name="test_node_override_settings" classname="integration-tests.chef360.automated-sleep-job.test_sleep_job_automate" time="0.175" /><testcase name="test_cohort" classname="integration-tests.chef360.automated-sleep-job.test_sleep_job_automate" time="0.183" /><testcase name="test_Node_enroll" classname="integration-tests.chef360.automated-sleep-job.test_sleep_job_automate" time="0.311" /><testcase name="test_job" classname="integration-tests.chef360.automated-sleep-job.test_sleep_job_automate" time="11.443" /><testcase name="test_get_instance" classname="integration-tests.chef360.automated-sleep-job.test_sleep_job_automate" time="0.686"><failure message="AssertionError: Job instance run failed!&#10;assert False">def test_get_instance():
        result1=subprocess.run(f"chef-courier-cli state instance list-all --job-id {JOB_ID} --profile courier-operator",shell=True,capture_output=True)
        res6=json.loads(result1.stdout)
        print(res6)
        instance=res6["items"][0]['id']
        print(instance)
    
        result2=subprocess.run(f"chef-courier-cli state instance list-instance-runs --instanceId {instance} --profile courier-operator ",shell=True,capture_output=True)
        res7=json.loads(result2.stdout)
        runid=res7["items"][0]["runId"]
        print(res7)
        print(runid)
    
        result3=subprocess.run(f"chef-courier-cli state run list-steps --runId {runid}  --profile courier-operator",shell=True,capture_output=True)
        print(result3.stdout)
        res8=json.loads(result3.stdout)
    
        print(res8)
        final=any(item["status"]=="success" for item in res8["items"])
&gt;       assert final,"Job instance run failed!"
E       AssertionError: Job instance run failed!
E       assert False

integration-tests/chef360/automated-sleep-job/test_sleep_job_automate.py:163: AssertionError</failure></testcase></testsuite></testsuites>